#! /c/Source/iverilog-install/bin/vvp
:ivl_version "12.0 (devel)" "(s20150603-1539-g2693dd32b)";
:ivl_delay_selection "TYPICAL";
:vpi_time_precision + 0;
:vpi_module "C:\iverilog\lib\ivl\system.vpi";
:vpi_module "C:\iverilog\lib\ivl\vhdl_sys.vpi";
:vpi_module "C:\iverilog\lib\ivl\vhdl_textio.vpi";
:vpi_module "C:\iverilog\lib\ivl\v2005_math.vpi";
:vpi_module "C:\iverilog\lib\ivl\va_math.vpi";
S_000002468157b9a0 .scope module, "next_grant_pre_calculator" "next_grant_pre_calculator" 2 1;
 .timescale 0 0;
    .port_info 0 /INPUT 8 "request";
    .port_info 1 /INPUT 8 "grant";
    .port_info 2 /OUTPUT 8 "next_grant";
    .port_info 3 /INPUT 1 "reset";
    .port_info 4 /INPUT 1 "clk";
    .port_info 5 /OUTPUT 8 "priorities";
P_000002468157bb30 .param/l "Next_grant" 0 2 20, C4<10>;
P_000002468157bb68 .param/l "Reset" 0 2 19, C4<01>;
P_000002468157bba0 .param/l "channels" 0 2 9, +C4<00000000000000000000000000001000>;
o00000246814aafa8 .functor BUFZ 1, C4<z>; HiZ drive
v000002468157bbe0_0 .net "clk", 0 0, o00000246814aafa8;  0 drivers
o00000246814aafd8 .functor BUFZ 8, C4<zzzzzzzz>; HiZ drive
v0000024681472910_0 .net "grant", 7 0, o00000246814aafd8;  0 drivers
v000002468157bc80_0 .var "next_grant", 7 0;
v000002468157bd20_0 .var "priorities", 7 0;
o00000246814ab068 .functor BUFZ 8, C4<zzzzzzzz>; HiZ drive
v00000246814a3170_0 .net "request", 7 0, o00000246814ab068;  0 drivers
o00000246814ab098 .functor BUFZ 1, C4<z>; HiZ drive
v00000246814a3210_0 .net "reset", 0 0, o00000246814ab098;  0 drivers
v00000246814a32b0_0 .var "state", 1 0;
E_00000246814a8d10 .event posedge, v000002468157bbe0_0;
    .scope S_000002468157b9a0;
T_0 ;
    %wait E_00000246814a8d10;
    %load/vec4 v00000246814a3210_0;
    %flag_set/vec4 8;
    %jmp/0xz  T_0.0, 8;
    %pushi/vec4 1, 0, 2;
    %assign/vec4 v00000246814a32b0_0, 0;
    %jmp T_0.1;
T_0.0 ;
    %load/vec4 v00000246814a32b0_0;
    %dup/vec4;
    %pushi/vec4 1, 0, 2;
    %cmp/u;
    %jmp/1 T_0.2, 6;
    %dup/vec4;
    %pushi/vec4 2, 0, 2;
    %cmp/u;
    %jmp/1 T_0.3, 6;
    %pushi/vec4 1, 0, 2;
    %assign/vec4 v00000246814a32b0_0, 0;
    %jmp T_0.5;
T_0.2 ;
    %pushi/vec4 2, 0, 2;
    %assign/vec4 v00000246814a32b0_0, 0;
    %jmp T_0.5;
T_0.3 ;
    %load/vec4 v00000246814a32b0_0;
    %assign/vec4 v00000246814a32b0_0, 0;
    %jmp T_0.5;
T_0.5 ;
    %pop/vec4 1;
T_0.1 ;
    %jmp T_0;
    .thread T_0;
    .scope S_000002468157b9a0;
T_1 ;
    %wait E_00000246814a8d10;
    %load/vec4 v00000246814a3210_0;
    %flag_set/vec4 8;
    %jmp/0xz  T_1.0, 8;
    %pushi/vec4 0, 0, 8;
    %store/vec4 v000002468157bc80_0, 0, 8;
    %pushi/vec4 0, 0, 8;
    %store/vec4 v000002468157bd20_0, 0, 8;
    %jmp T_1.1;
T_1.0 ;
    %load/vec4 v00000246814a32b0_0;
    %dup/vec4;
    %pushi/vec4 1, 0, 2;
    %cmp/u;
    %jmp/1 T_1.2, 6;
    %dup/vec4;
    %pushi/vec4 2, 0, 2;
    %cmp/u;
    %jmp/1 T_1.3, 6;
    %load/vec4 v000002468157bd20_0;
    %store/vec4 v000002468157bd20_0, 0, 8;
    %load/vec4 v000002468157bc80_0;
    %store/vec4 v000002468157bc80_0, 0, 8;
    %jmp T_1.5;
T_1.2 ;
    %pushi/vec4 255, 0, 8;
    %store/vec4 v000002468157bd20_0, 0, 8;
    %pushi/vec4 0, 0, 8;
    %store/vec4 v000002468157bc80_0, 0, 8;
    %jmp T_1.5;
T_1.3 ;
    %load/vec4 v0000024681472910_0;
    %parti/s 7, 0, 2;
    %load/vec4 v0000024681472910_0;
    %parti/s 1, 7, 4;
    %concat/vec4; draw_concat_vec4
    %inv;
    %addi 1, 0, 8;
    %store/vec4 v000002468157bd20_0, 0, 8;
    %load/vec4 v000002468157bd20_0;
    %pad/u 32;
    %cmpi/e 0, 0, 32;
    %jmp/0xz  T_1.6, 4;
    %pushi/vec4 255, 0, 8;
    %store/vec4 v000002468157bd20_0, 0, 8;
    %jmp T_1.7;
T_1.6 ;
    %load/vec4 v000002468157bd20_0;
    %store/vec4 v000002468157bd20_0, 0, 8;
T_1.7 ;
    %load/vec4 v00000246814a3170_0;
    %load/vec4 v000002468157bd20_0;
    %and;
    %store/vec4 v000002468157bc80_0, 0, 8;
    %load/vec4 v000002468157bc80_0;
    %pad/u 32;
    %cmpi/e 0, 0, 32;
    %flag_get/vec4 4;
    %jmp/0 T_1.10, 4;
    %load/vec4 v00000246814a3170_0;
    %pad/u 32;
    %pushi/vec4 0, 0, 32;
    %cmp/ne;
    %flag_get/vec4 4;
    %and;
T_1.10;
    %flag_set/vec4 8;
    %jmp/0xz  T_1.8, 8;
    %load/vec4 v00000246814a3170_0;
    %store/vec4 v000002468157bc80_0, 0, 8;
T_1.8 ;
    %jmp T_1.5;
T_1.5 ;
    %pop/vec4 1;
T_1.1 ;
    %jmp T_1;
    .thread T_1;
# The file index is used to find the file name in the following table.
:file_names 3;
    "N/A";
    "<interactive>";
    "NGPRC.v";
