#! /c/Source/iverilog-install/bin/vvp
:ivl_version "12.0 (devel)" "(s20150603-1539-g2693dd32b)";
:ivl_delay_selection "TYPICAL";
:vpi_time_precision + 0;
:vpi_module "C:\iverilog\lib\ivl\system.vpi";
:vpi_module "C:\iverilog\lib\ivl\vhdl_sys.vpi";
:vpi_module "C:\iverilog\lib\ivl\vhdl_textio.vpi";
:vpi_module "C:\iverilog\lib\ivl\v2005_math.vpi";
:vpi_module "C:\iverilog\lib\ivl\va_math.vpi";
S_0000014d9e0f2620 .scope module, "MUX" "MUX" 2 1;
 .timescale 0 0;
    .port_info 0 /INPUT 1 "reset";
    .port_info 1 /INPUT 1 "clk";
    .port_info 2 /INPUT 8 "sel_one_hot";
    .port_info 3 /INPUT 256 "data_in_bus";
    .port_info 4 /OUTPUT 32 "data_out";
P_0000014d9e0f2e00 .param/l "channels" 0 2 8, +C4<00000000000000000000000000001000>;
P_0000014d9e0f2e38 .param/l "width" 0 2 8, +C4<00000000000000000000000000100000>;
o0000014d9e127068 .functor BUFZ 1, C4<z>; HiZ drive
v0000014d9e23bae0_0 .net "clk", 0 0, o0000014d9e127068;  0 drivers
o0000014d9e127098 .functor BUFZ 256, C4<zzzzzzzzzzzzzzzzzzzzzzzzzzzzzzzzzzzzzzzzzzzzzzzzzzzzzzzzzzzzzzzzzzzzzzzzzzzzzzzzzzzzzzzzzzzzzzzzzzzzzzzzzzzzzzzzzzzzzzzzzzzzzzzzzzzzzzzzzzzzzzzzzzzzzzzzzzzzzzzzzzzzzzzzzzzzzzzzzzzzzzzzzzzzzzzzzzzzzzzzzzzzzzzzzzzzzzzzzzzzzzzzzzzzzzzzzzzzzzzzzzzzzzzzzzzzzzzz>; HiZ drive
v0000014d9e23bb80_0 .net "data_in_bus", 255 0, o0000014d9e127098;  0 drivers
v0000014d9e23bc20_0 .var "data_out", 31 0;
o0000014d9e1270f8 .functor BUFZ 1, C4<z>; HiZ drive
v0000014d9e23bcc0_0 .net "reset", 0 0, o0000014d9e1270f8;  0 drivers
o0000014d9e127128 .functor BUFZ 8, C4<zzzzzzzz>; HiZ drive
v0000014d9e23bd60_0 .net "sel_one_hot", 7 0, o0000014d9e127128;  0 drivers
E_0000014d9e1263e0 .event anyedge, v0000014d9e23bd60_0, v0000014d9e23bb80_0;
S_0000014d9e0f27b0 .scope function.vec4.u32, "decimal" "decimal" 2 15, 2 15 0, S_0000014d9e0f2620;
 .timescale 0 0;
; Variable decimal is vec4 return value of scope S_0000014d9e0f27b0
v0000014d9e23b9a0_0 .var "hot_one_code", 7 0;
v0000014d9e23ba40_0 .var/i "i", 31 0;
TD_MUX.decimal ;
    %pushi/vec4 0, 0, 32;
    %store/vec4 v0000014d9e23ba40_0, 0, 32;
T_0.0 ;
    %load/vec4 v0000014d9e23ba40_0;
    %cmpi/s 8, 0, 32;
    %jmp/0xz T_0.1, 5;
    %load/vec4 v0000014d9e23b9a0_0;
    %load/vec4 v0000014d9e23ba40_0;
    %part/s 1;
    %flag_set/vec4 8;
    %jmp/0xz  T_0.2, 8;
    %load/vec4 v0000014d9e23ba40_0;
    %ret/vec4 0, 0, 32;  Assign to decimal (store_vec4_to_lval)
T_0.2 ;
    %load/vec4 v0000014d9e23ba40_0;
    %addi 1, 0, 32;
    %store/vec4 v0000014d9e23ba40_0, 0, 32;
    %jmp T_0.0;
T_0.1 ;
    %end;
    .scope S_0000014d9e0f2620;
T_1 ;
    %wait E_0000014d9e1263e0;
    %load/vec4 v0000014d9e23bb80_0;
    %load/vec4 v0000014d9e23bd60_0;
    %store/vec4 v0000014d9e23b9a0_0, 0, 8;
    %callf/vec4 TD_MUX.decimal, S_0000014d9e0f27b0;
    %addi 1, 0, 32;
    %muli 32, 0, 32;
    %subi 1, 0, 32;
    %pad/s 34;
    %subi 31, 0, 34;
    %part/s 32;
    %store/vec4 v0000014d9e23bc20_0, 0, 32;
    %jmp T_1;
    .thread T_1, $push;
# The file index is used to find the file name in the following table.
:file_names 3;
    "N/A";
    "<interactive>";
    "RRB_MUX.v";
