#! /c/Source/iverilog-install/bin/vvp
:ivl_version "12.0 (devel)" "(s20150603-1539-g2693dd32b)";
:ivl_delay_selection "TYPICAL";
:vpi_time_precision + 0;
:vpi_module "C:\iverilog\lib\ivl\system.vpi";
:vpi_module "C:\iverilog\lib\ivl\vhdl_sys.vpi";
:vpi_module "C:\iverilog\lib\ivl\vhdl_textio.vpi";
:vpi_module "C:\iverilog\lib\ivl\v2005_math.vpi";
:vpi_module "C:\iverilog\lib\ivl\va_math.vpi";
S_00000132ae20cdb0 .scope module, "final_RRB" "final_RRB" 2 4;
 .timescale 0 0;
    .port_info 0 /INPUT 1 "reset";
    .port_info 1 /INPUT 1 "clk";
    .port_info 2 /INPUT 8 "request";
    .port_info 3 /INPUT 256 "weight";
    .port_info 4 /OUTPUT 8 "grant";
    .port_info 5 /NODIR 0 "unnamed";
P_00000132ae209ce0 .param/l "channels" 0 2 13, +C4<00000000000000000000000000001000>;
P_00000132ae209d18 .param/l "width" 0 2 12, +C4<00000000000000000000000000100000>;
o00000132ae101f78 .functor BUFZ 1, C4<z>; HiZ drive
v00000132ae157950_0 .net "clk", 0 0, o00000132ae101f78;  0 drivers
v00000132ae157130_0 .net "get_weight", 31 0, v00000132ae157630_0;  1 drivers
v00000132ae157e50_0 .net "grant", 7 0, v00000132ae0e3fb0_0;  1 drivers
v00000132ae157ef0_0 .net "next_grant", 7 0, v00000132ae0db880_0;  1 drivers
v00000132ae157f90_0 .net "priorities", 7 0, v00000132ae0effa0_0;  1 drivers
o00000132ae102038 .functor BUFZ 8, C4<zzzzzzzz>; HiZ drive
v00000132ae1578b0_0 .net "request", 7 0, o00000132ae102038;  0 drivers
o00000132ae102068 .functor BUFZ 1, C4<z>; HiZ drive
v00000132ae157810_0 .net "reset", 0 0, o00000132ae102068;  0 drivers
o00000132ae1024b8 .functor BUFZ 256, C4<zzzzzzzzzzzzzzzzzzzzzzzzzzzzzzzzzzzzzzzzzzzzzzzzzzzzzzzzzzzzzzzzzzzzzzzzzzzzzzzzzzzzzzzzzzzzzzzzzzzzzzzzzzzzzzzzzzzzzzzzzzzzzzzzzzzzzzzzzzzzzzzzzzzzzzzzzzzzzzzzzzzzzzzzzzzzzzzzzzzzzzzzzzzzzzzzzzzzzzzzzzzzzzzzzzzzzzzzzzzzzzzzzzzzzzzzzzzzzzzzzzzzzzzzzzzzzzzz>; HiZ drive
v00000132ae157bd0_0 .net "weight", 255 0, o00000132ae1024b8;  0 drivers
S_00000132ae20cf40 .scope module, "N0" "next_grant_pre_calculator" 2 35, 3 1 0, S_00000132ae20cdb0;
 .timescale 0 0;
    .port_info 0 /INPUT 8 "request";
    .port_info 1 /INPUT 8 "grant";
    .port_info 2 /OUTPUT 8 "next_grant";
    .port_info 3 /INPUT 1 "reset";
    .port_info 4 /INPUT 1 "clk";
    .port_info 5 /OUTPUT 8 "priorities";
P_00000132ae0efef0 .param/l "Next_grant" 0 3 20, C4<10>;
P_00000132ae0eff28 .param/l "Reset" 0 3 19, C4<01>;
P_00000132ae0eff60 .param/l "channels" 0 3 9, +C4<00000000000000000000000000001000>;
v00000132ae0df610_0 .net "clk", 0 0, o00000132ae101f78;  alias, 0 drivers
v00000132ae0e06c0_0 .net "grant", 7 0, v00000132ae0e3fb0_0;  alias, 1 drivers
v00000132ae0db880_0 .var "next_grant", 7 0;
v00000132ae0effa0_0 .var "priorities", 7 0;
v00000132ae0f0040_0 .net "request", 7 0, o00000132ae102038;  alias, 0 drivers
v00000132ae0f00e0_0 .net "reset", 0 0, o00000132ae102068;  alias, 0 drivers
v00000132ae0f0180_0 .var "state", 1 0;
E_00000132ae0d8070 .event posedge, v00000132ae0df610_0;
S_00000132ae0b2550 .scope module, "g0" "grant_request" 2 44, 4 1 0, S_00000132ae20cdb0;
 .timescale 0 0;
    .port_info 0 /INPUT 8 "request";
    .port_info 1 /INPUT 8 "next_grant";
    .port_info 2 /INPUT 1 "clk";
    .port_info 3 /INPUT 1 "reset";
    .port_info 4 /OUTPUT 8 "grant";
    .port_info 5 /INPUT 8 "priorities";
    .port_info 6 /INPUT 32 "weight";
P_00000132ae0b26e0 .param/l "Granting_process" 0 4 30, C4<01>;
P_00000132ae0b2718 .param/l "Reset" 0 4 29, C4<00>;
P_00000132ae0b2750 .param/l "channels" 0 4 10, +C4<00000000000000000000000000001000>;
P_00000132ae0b2788 .param/l "counting" 0 4 32, C4<11>;
P_00000132ae0b27c0 .param/l "get_weight" 0 4 31, C4<10>;
P_00000132ae0b27f8 .param/l "max_weight" 0 4 12, +C4<00000000000000000000000000010000>;
P_00000132ae0b2830 .param/l "width" 0 4 11, +C4<00000000000000000000000000100000>;
v00000132ae0f0220_0 .var "blk_counting", 31 0;
v00000132ae0f02c0_0 .var "blk_request", 7 0;
v00000132ae0b2870_0 .var "blk_weight", 31 0;
v00000132ae0b2910_0 .net "clk", 0 0, o00000132ae101f78;  alias, 0 drivers
v00000132ae0e3fb0_0 .var "grant", 7 0;
v00000132ae0e4050_0 .net "next_grant", 7 0, v00000132ae0db880_0;  alias, 1 drivers
v00000132ae0e40f0_0 .net "priorities", 7 0, v00000132ae0effa0_0;  alias, 1 drivers
v00000132ae0e4190_0 .net "request", 7 0, o00000132ae102038;  alias, 0 drivers
v00000132ae157090_0 .net "reset", 0 0, o00000132ae102068;  alias, 0 drivers
v00000132ae157450_0 .var "state", 1 0;
v00000132ae157310_0 .net "weight", 31 0, v00000132ae157630_0;  alias, 1 drivers
S_00000132ae0e4230 .scope module, "m0" "MUX" 2 27, 5 1 0, S_00000132ae20cdb0;
 .timescale 0 0;
    .port_info 0 /INPUT 1 "reset";
    .port_info 1 /INPUT 1 "clk";
    .port_info 2 /INPUT 8 "sel_one_hot";
    .port_info 3 /INPUT 256 "data_in_bus";
    .port_info 4 /OUTPUT 32 "data_out";
P_00000132ae209ae0 .param/l "channels" 0 5 8, +C4<00000000000000000000000000001000>;
P_00000132ae209b18 .param/l "width" 0 5 8, +C4<00000000000000000000000000100000>;
v00000132ae1579f0_0 .net "clk", 0 0, o00000132ae101f78;  alias, 0 drivers
v00000132ae157b30_0 .net "data_in_bus", 255 0, o00000132ae1024b8;  alias, 0 drivers
v00000132ae157630_0 .var "data_out", 31 0;
v00000132ae157770_0 .net "reset", 0 0, o00000132ae102068;  alias, 0 drivers
v00000132ae157a90_0 .net "sel_one_hot", 7 0, v00000132ae0e3fb0_0;  alias, 1 drivers
E_00000132ae0d80f0 .event anyedge, v00000132ae0e06c0_0, v00000132ae157b30_0;
S_00000132ae0e43c0 .scope function.vec4.u32, "decimal" "decimal" 5 15, 5 15 0, S_00000132ae0e4230;
 .timescale 0 0;
; Variable decimal is vec4 return value of scope S_00000132ae0e43c0
v00000132ae1573b0_0 .var "hot_one_code", 7 0;
v00000132ae1574f0_0 .var/i "i", 31 0;
TD_final_RRB.m0.decimal ;
    %pushi/vec4 0, 0, 32;
    %store/vec4 v00000132ae1574f0_0, 0, 32;
T_0.0 ;
    %load/vec4 v00000132ae1574f0_0;
    %cmpi/s 8, 0, 32;
    %jmp/0xz T_0.1, 5;
    %load/vec4 v00000132ae1573b0_0;
    %load/vec4 v00000132ae1574f0_0;
    %part/s 1;
    %flag_set/vec4 8;
    %jmp/0xz  T_0.2, 8;
    %load/vec4 v00000132ae1574f0_0;
    %ret/vec4 0, 0, 32;  Assign to decimal (store_vec4_to_lval)
T_0.2 ;
    %load/vec4 v00000132ae1574f0_0;
    %addi 1, 0, 32;
    %store/vec4 v00000132ae1574f0_0, 0, 32;
    %jmp T_0.0;
T_0.1 ;
    %end;
    .scope S_00000132ae0e4230;
T_1 ;
    %wait E_00000132ae0d80f0;
    %load/vec4 v00000132ae157b30_0;
    %load/vec4 v00000132ae157a90_0;
    %store/vec4 v00000132ae1573b0_0, 0, 8;
    %callf/vec4 TD_final_RRB.m0.decimal, S_00000132ae0e43c0;
    %addi 1, 0, 32;
    %muli 32, 0, 32;
    %subi 1, 0, 32;
    %pad/s 34;
    %subi 31, 0, 34;
    %part/s 32;
    %store/vec4 v00000132ae157630_0, 0, 32;
    %jmp T_1;
    .thread T_1, $push;
    .scope S_00000132ae20cf40;
T_2 ;
    %wait E_00000132ae0d8070;
    %load/vec4 v00000132ae0f00e0_0;
    %flag_set/vec4 8;
    %jmp/0xz  T_2.0, 8;
    %pushi/vec4 1, 0, 2;
    %assign/vec4 v00000132ae0f0180_0, 0;
    %jmp T_2.1;
T_2.0 ;
    %load/vec4 v00000132ae0f0180_0;
    %dup/vec4;
    %pushi/vec4 1, 0, 2;
    %cmp/u;
    %jmp/1 T_2.2, 6;
    %dup/vec4;
    %pushi/vec4 2, 0, 2;
    %cmp/u;
    %jmp/1 T_2.3, 6;
    %pushi/vec4 1, 0, 2;
    %assign/vec4 v00000132ae0f0180_0, 0;
    %jmp T_2.5;
T_2.2 ;
    %pushi/vec4 2, 0, 2;
    %assign/vec4 v00000132ae0f0180_0, 0;
    %jmp T_2.5;
T_2.3 ;
    %load/vec4 v00000132ae0f0180_0;
    %assign/vec4 v00000132ae0f0180_0, 0;
    %jmp T_2.5;
T_2.5 ;
    %pop/vec4 1;
T_2.1 ;
    %jmp T_2;
    .thread T_2;
    .scope S_00000132ae20cf40;
T_3 ;
    %wait E_00000132ae0d8070;
    %load/vec4 v00000132ae0f00e0_0;
    %flag_set/vec4 8;
    %jmp/0xz  T_3.0, 8;
    %pushi/vec4 0, 0, 8;
    %store/vec4 v00000132ae0db880_0, 0, 8;
    %pushi/vec4 0, 0, 8;
    %store/vec4 v00000132ae0effa0_0, 0, 8;
    %jmp T_3.1;
T_3.0 ;
    %load/vec4 v00000132ae0f0180_0;
    %dup/vec4;
    %pushi/vec4 1, 0, 2;
    %cmp/u;
    %jmp/1 T_3.2, 6;
    %dup/vec4;
    %pushi/vec4 2, 0, 2;
    %cmp/u;
    %jmp/1 T_3.3, 6;
    %load/vec4 v00000132ae0effa0_0;
    %store/vec4 v00000132ae0effa0_0, 0, 8;
    %load/vec4 v00000132ae0db880_0;
    %store/vec4 v00000132ae0db880_0, 0, 8;
    %jmp T_3.5;
T_3.2 ;
    %pushi/vec4 255, 0, 8;
    %store/vec4 v00000132ae0effa0_0, 0, 8;
    %pushi/vec4 0, 0, 8;
    %store/vec4 v00000132ae0db880_0, 0, 8;
    %jmp T_3.5;
T_3.3 ;
    %load/vec4 v00000132ae0e06c0_0;
    %parti/s 7, 0, 2;
    %load/vec4 v00000132ae0e06c0_0;
    %parti/s 1, 7, 4;
    %concat/vec4; draw_concat_vec4
    %inv;
    %addi 1, 0, 8;
    %store/vec4 v00000132ae0effa0_0, 0, 8;
    %load/vec4 v00000132ae0effa0_0;
    %pad/u 32;
    %cmpi/e 0, 0, 32;
    %jmp/0xz  T_3.6, 4;
    %pushi/vec4 255, 0, 8;
    %store/vec4 v00000132ae0effa0_0, 0, 8;
    %jmp T_3.7;
T_3.6 ;
    %load/vec4 v00000132ae0effa0_0;
    %store/vec4 v00000132ae0effa0_0, 0, 8;
T_3.7 ;
    %load/vec4 v00000132ae0f0040_0;
    %load/vec4 v00000132ae0effa0_0;
    %and;
    %store/vec4 v00000132ae0db880_0, 0, 8;
    %load/vec4 v00000132ae0db880_0;
    %pad/u 32;
    %cmpi/e 0, 0, 32;
    %flag_get/vec4 4;
    %jmp/0 T_3.10, 4;
    %load/vec4 v00000132ae0f0040_0;
    %pad/u 32;
    %pushi/vec4 0, 0, 32;
    %cmp/ne;
    %flag_get/vec4 4;
    %and;
T_3.10;
    %flag_set/vec4 8;
    %jmp/0xz  T_3.8, 8;
    %load/vec4 v00000132ae0f0040_0;
    %store/vec4 v00000132ae0db880_0, 0, 8;
T_3.8 ;
    %jmp T_3.5;
T_3.5 ;
    %pop/vec4 1;
T_3.1 ;
    %jmp T_3;
    .thread T_3;
    .scope S_00000132ae0b2550;
T_4 ;
    %wait E_00000132ae0d8070;
    %load/vec4 v00000132ae157090_0;
    %flag_set/vec4 8;
    %jmp/0xz  T_4.0, 8;
    %pushi/vec4 0, 0, 8;
    %store/vec4 v00000132ae0f02c0_0, 0, 8;
    %jmp T_4.1;
T_4.0 ;
    %load/vec4 v00000132ae0e4190_0;
    %store/vec4 v00000132ae0f02c0_0, 0, 8;
T_4.1 ;
    %jmp T_4;
    .thread T_4;
    .scope S_00000132ae0b2550;
T_5 ;
    %wait E_00000132ae0d8070;
    %load/vec4 v00000132ae157090_0;
    %flag_set/vec4 8;
    %jmp/0xz  T_5.0, 8;
    %pushi/vec4 0, 0, 2;
    %assign/vec4 v00000132ae157450_0, 0;
    %jmp T_5.1;
T_5.0 ;
    %load/vec4 v00000132ae157450_0;
    %dup/vec4;
    %pushi/vec4 0, 0, 2;
    %cmp/u;
    %jmp/1 T_5.2, 6;
    %dup/vec4;
    %pushi/vec4 1, 0, 2;
    %cmp/u;
    %jmp/1 T_5.3, 6;
    %dup/vec4;
    %pushi/vec4 2, 0, 2;
    %cmp/u;
    %jmp/1 T_5.4, 6;
    %dup/vec4;
    %pushi/vec4 3, 0, 2;
    %cmp/u;
    %jmp/1 T_5.5, 6;
    %pushi/vec4 0, 0, 2;
    %assign/vec4 v00000132ae157450_0, 0;
    %jmp T_5.7;
T_5.2 ;
    %pushi/vec4 1, 0, 2;
    %assign/vec4 v00000132ae157450_0, 0;
    %jmp T_5.7;
T_5.3 ;
    %load/vec4 v00000132ae0e3fb0_0;
    %pad/u 32;
    %cmpi/ne 0, 0, 32;
    %jmp/0xz  T_5.8, 4;
    %pushi/vec4 2, 0, 2;
    %assign/vec4 v00000132ae157450_0, 0;
    %jmp T_5.9;
T_5.8 ;
    %load/vec4 v00000132ae157450_0;
    %assign/vec4 v00000132ae157450_0, 0;
T_5.9 ;
    %jmp T_5.7;
T_5.4 ;
    %pushi/vec4 3, 0, 2;
    %assign/vec4 v00000132ae157450_0, 0;
    %jmp T_5.7;
T_5.5 ;
    %load/vec4 v00000132ae0b2870_0;
    %load/vec4 v00000132ae0f0220_0;
    %cmp/u;
    %flag_or 5, 4;
    %jmp/0xz  T_5.10, 5;
    %pushi/vec4 1, 0, 2;
    %assign/vec4 v00000132ae157450_0, 0;
    %jmp T_5.11;
T_5.10 ;
    %load/vec4 v00000132ae0f0220_0;
    %cmpi/u 16, 0, 32;
    %flag_inv 5; GE is !LT
    %jmp/0xz  T_5.12, 5;
    %pushi/vec4 1, 0, 2;
    %assign/vec4 v00000132ae157450_0, 0;
    %jmp T_5.13;
T_5.12 ;
    %load/vec4 v00000132ae157450_0;
    %assign/vec4 v00000132ae157450_0, 0;
T_5.13 ;
T_5.11 ;
    %jmp T_5.7;
T_5.7 ;
    %pop/vec4 1;
T_5.1 ;
    %jmp T_5;
    .thread T_5;
    .scope S_00000132ae0b2550;
T_6 ;
    %wait E_00000132ae0d8070;
    %load/vec4 v00000132ae157090_0;
    %flag_set/vec4 8;
    %jmp/0xz  T_6.0, 8;
    %pushi/vec4 0, 0, 8;
    %store/vec4 v00000132ae0e3fb0_0, 0, 8;
    %jmp T_6.1;
T_6.0 ;
    %load/vec4 v00000132ae157450_0;
    %dup/vec4;
    %pushi/vec4 0, 0, 2;
    %cmp/u;
    %jmp/1 T_6.2, 6;
    %dup/vec4;
    %pushi/vec4 1, 0, 2;
    %cmp/u;
    %jmp/1 T_6.3, 6;
    %dup/vec4;
    %pushi/vec4 2, 0, 2;
    %cmp/u;
    %jmp/1 T_6.4, 6;
    %dup/vec4;
    %pushi/vec4 3, 0, 2;
    %cmp/u;
    %jmp/1 T_6.5, 6;
    %load/vec4 v00000132ae0f0220_0;
    %store/vec4 v00000132ae0f0220_0, 0, 32;
    %load/vec4 v00000132ae0e3fb0_0;
    %store/vec4 v00000132ae0e3fb0_0, 0, 8;
    %jmp T_6.7;
T_6.2 ;
    %pushi/vec4 0, 0, 8;
    %store/vec4 v00000132ae0e3fb0_0, 0, 8;
    %pushi/vec4 0, 0, 32;
    %store/vec4 v00000132ae0f0220_0, 0, 32;
    %pushi/vec4 0, 0, 32;
    %store/vec4 v00000132ae0b2870_0, 0, 32;
    %jmp T_6.7;
T_6.3 ;
    %load/vec4 v00000132ae0e4190_0;
    %load/vec4 v00000132ae0e4050_0;
    %and;
    %load/vec4 v00000132ae0e4050_0;
    %inv;
    %addi 1, 0, 8;
    %and;
    %store/vec4 v00000132ae0e3fb0_0, 0, 8;
    %pushi/vec4 2, 0, 32;
    %store/vec4 v00000132ae0f0220_0, 0, 32;
    %jmp T_6.7;
T_6.4 ;
    %load/vec4 v00000132ae157310_0;
    %store/vec4 v00000132ae0b2870_0, 0, 32;
    %jmp T_6.7;
T_6.5 ;
    %load/vec4 v00000132ae0f0220_0;
    %addi 1, 0, 32;
    %store/vec4 v00000132ae0f0220_0, 0, 32;
    %load/vec4 v00000132ae0e3fb0_0;
    %store/vec4 v00000132ae0e3fb0_0, 0, 8;
    %jmp T_6.7;
T_6.7 ;
    %pop/vec4 1;
T_6.1 ;
    %jmp T_6;
    .thread T_6;
# The file index is used to find the file name in the following table.
:file_names 6;
    "N/A";
    "<interactive>";
    "RRB_final.v";
    "./NGPRC.v";
    "./grant_req_calc.v";
    "./RRB_MUX.v";
