#! /c/Source/iverilog-install/bin/vvp
:ivl_version "12.0 (devel)" "(s20150603-1539-g2693dd32b)";
:ivl_delay_selection "TYPICAL";
:vpi_time_precision + 0;
:vpi_module "C:\iverilog\lib\ivl\system.vpi";
:vpi_module "C:\iverilog\lib\ivl\vhdl_sys.vpi";
:vpi_module "C:\iverilog\lib\ivl\vhdl_textio.vpi";
:vpi_module "C:\iverilog\lib\ivl\v2005_math.vpi";
:vpi_module "C:\iverilog\lib\ivl\va_math.vpi";
S_000001c9cf1e1f10 .scope module, "test" "test" 2 2;
 .timescale 0 0;
P_000001c9cf1e20a0 .param/l "channels" 0 2 3, +C4<00000000000000000000000000001000>;
P_000001c9cf1e20d8 .param/l "clock_period" 0 2 4, +C4<00000000000000000000000000010100>;
P_000001c9cf1e2110 .param/l "width" 0 2 3, +C4<00000000000000000000000000100000>;
v000001c9cf2663f0_0 .var "clk", 0 0;
v000001c9cf266350_0 .net "grant_test", 7 0, v000001c9cf1eff90_0;  1 drivers
v000001c9cf266210_0 .var/i "j", 31 0;
v000001c9cf266490_0 .var "request_test", 7 0;
v000001c9cf266530_0 .var "reset", 0 0;
v000001c9cf26af90_0 .var "tempData", 31 0;
v000001c9cf26ae50_0 .var "weight_test", 255 0;
S_000001c9cf1e27f0 .scope module, "f0" "final_RRB" 2 11, 3 4 0, S_000001c9cf1e1f10;
 .timescale 0 0;
    .port_info 0 /INPUT 1 "reset";
    .port_info 1 /INPUT 1 "clk";
    .port_info 2 /INPUT 8 "request";
    .port_info 3 /INPUT 256 "weight";
    .port_info 4 /OUTPUT 8 "grant";
    .port_info 5 /NODIR 0 "";
P_000001c9cf20c7a0 .param/l "channels" 0 3 13, +C4<00000000000000000000000000001000>;
P_000001c9cf20c7d8 .param/l "width" 0 3 12, +C4<00000000000000000000000000100000>;
v000001c9cf266df0_0 .net "clk", 0 0, v000001c9cf2663f0_0;  1 drivers
v000001c9cf266850_0 .net "get_weight", 31 0, v000001c9cf266f30_0;  1 drivers
v000001c9cf2660d0_0 .net "grant", 7 0, v000001c9cf1eff90_0;  alias, 1 drivers
v000001c9cf2668f0_0 .net "next_grant", 7 0, v000001c9cf19bb60_0;  1 drivers
v000001c9cf266c10_0 .net "priorities", 7 0, v000001c9cf1df6e0_0;  1 drivers
v000001c9cf266d50_0 .net "request", 7 0, v000001c9cf266490_0;  1 drivers
v000001c9cf266170_0 .net "reset", 0 0, v000001c9cf266530_0;  1 drivers
v000001c9cf266e90_0 .net "weight", 255 0, v000001c9cf26ae50_0;  1 drivers
S_000001c9cf1e2980 .scope module, "N0" "next_grant_pre_calculator" 3 35, 4 1 0, S_000001c9cf1e27f0;
 .timescale 0 0;
    .port_info 0 /INPUT 8 "request";
    .port_info 1 /INPUT 8 "grant";
    .port_info 2 /OUTPUT 8 "next_grant";
    .port_info 3 /INPUT 1 "reset";
    .port_info 4 /INPUT 1 "clk";
    .port_info 5 /OUTPUT 8 "priorities";
P_000001c9cf1df630 .param/l "Next_grant" 0 4 20, C4<10>;
P_000001c9cf1df668 .param/l "Reset" 0 4 19, C4<01>;
P_000001c9cf1df6a0 .param/l "channels" 0 4 9, +C4<00000000000000000000000000001000>;
v000001c9cf1e0e60_0 .net "clk", 0 0, v000001c9cf2663f0_0;  alias, 1 drivers
v000001c9cf1ded80_0 .net "grant", 7 0, v000001c9cf1eff90_0;  alias, 1 drivers
v000001c9cf19bb60_0 .var "next_grant", 7 0;
v000001c9cf1df6e0_0 .var "priorities", 7 0;
v000001c9cf1df780_0 .net "request", 7 0, v000001c9cf266490_0;  alias, 1 drivers
v000001c9cf1df820_0 .net "reset", 0 0, v000001c9cf266530_0;  alias, 1 drivers
v000001c9cf1df8c0_0 .var "state", 1 0;
E_000001c9cf1dc600 .event posedge, v000001c9cf1e0e60_0;
S_000001c9cf19cca0 .scope module, "g0" "grant_request" 3 44, 5 1 0, S_000001c9cf1e27f0;
 .timescale 0 0;
    .port_info 0 /INPUT 8 "request";
    .port_info 1 /INPUT 8 "next_grant";
    .port_info 2 /INPUT 1 "clk";
    .port_info 3 /INPUT 1 "reset";
    .port_info 4 /OUTPUT 8 "grant";
    .port_info 5 /INPUT 8 "priorities";
    .port_info 6 /INPUT 32 "weight";
P_000001c9cf19ce30 .param/l "Granting_process" 0 5 30, C4<01>;
P_000001c9cf19ce68 .param/l "Reset" 0 5 29, C4<00>;
P_000001c9cf19cea0 .param/l "channels" 0 5 10, +C4<00000000000000000000000000001000>;
P_000001c9cf19ced8 .param/l "counting" 0 5 32, C4<11>;
P_000001c9cf19cf10 .param/l "get_weight" 0 5 31, C4<10>;
P_000001c9cf19cf48 .param/l "max_weight" 0 5 12, +C4<00000000000000000000000000010000>;
P_000001c9cf19cf80 .param/l "width" 0 5 11, +C4<00000000000000000000000000100000>;
v000001c9cf1df960_0 .var "blk_counting", 31 0;
v000001c9cf19cfc0_0 .var "blk_request", 7 0;
v000001c9cf19d060_0 .var "blk_weight", 31 0;
v000001c9cf1efef0_0 .net "clk", 0 0, v000001c9cf2663f0_0;  alias, 1 drivers
v000001c9cf1eff90_0 .var "grant", 7 0;
v000001c9cf1f0030_0 .net "next_grant", 7 0, v000001c9cf19bb60_0;  alias, 1 drivers
v000001c9cf1f00d0_0 .net "priorities", 7 0, v000001c9cf1df6e0_0;  alias, 1 drivers
v000001c9cf266cb0_0 .net "request", 7 0, v000001c9cf266490_0;  alias, 1 drivers
v000001c9cf266a30_0 .net "reset", 0 0, v000001c9cf266530_0;  alias, 1 drivers
v000001c9cf266ad0_0 .var "state", 1 0;
v000001c9cf266670_0 .net "weight", 31 0, v000001c9cf266f30_0;  alias, 1 drivers
S_000001c9cf1f0170 .scope module, "m0" "MUX" 3 27, 6 1 0, S_000001c9cf1e27f0;
 .timescale 0 0;
    .port_info 0 /INPUT 1 "reset";
    .port_info 1 /INPUT 1 "clk";
    .port_info 2 /INPUT 8 "sel_one_hot";
    .port_info 3 /INPUT 256 "data_in_bus";
    .port_info 4 /OUTPUT 32 "data_out";
P_000001c9cf20c1a0 .param/l "channels" 0 6 8, +C4<00000000000000000000000000001000>;
P_000001c9cf20c1d8 .param/l "width" 0 6 8, +C4<00000000000000000000000000100000>;
v000001c9cf2665d0_0 .net "clk", 0 0, v000001c9cf2663f0_0;  alias, 1 drivers
v000001c9cf266b70_0 .net "data_in_bus", 255 0, v000001c9cf26ae50_0;  alias, 1 drivers
v000001c9cf266f30_0 .var "data_out", 31 0;
v000001c9cf2667b0_0 .net "reset", 0 0, v000001c9cf266530_0;  alias, 1 drivers
v000001c9cf266fd0_0 .net "sel_one_hot", 7 0, v000001c9cf1eff90_0;  alias, 1 drivers
E_000001c9cf1dc740 .event anyedge, v000001c9cf1ded80_0, v000001c9cf266b70_0;
S_000001c9cf1fd8b0 .scope function.vec4.u32, "decimal" "decimal" 6 15, 6 15 0, S_000001c9cf1f0170;
 .timescale 0 0;
; Variable decimal is vec4 return value of scope S_000001c9cf1fd8b0
v000001c9cf266710_0 .var "hot_one_code", 7 0;
v000001c9cf266990_0 .var/i "i", 31 0;
TD_test.f0.m0.decimal ;
    %pushi/vec4 0, 0, 32;
    %store/vec4 v000001c9cf266990_0, 0, 32;
T_0.0 ;
    %load/vec4 v000001c9cf266990_0;
    %cmpi/s 8, 0, 32;
    %jmp/0xz T_0.1, 5;
    %load/vec4 v000001c9cf266710_0;
    %load/vec4 v000001c9cf266990_0;
    %part/s 1;
    %flag_set/vec4 8;
    %jmp/0xz  T_0.2, 8;
    %load/vec4 v000001c9cf266990_0;
    %ret/vec4 0, 0, 32;  Assign to decimal (store_vec4_to_lval)
T_0.2 ;
    %load/vec4 v000001c9cf266990_0;
    %addi 1, 0, 32;
    %store/vec4 v000001c9cf266990_0, 0, 32;
    %jmp T_0.0;
T_0.1 ;
    %end;
    .scope S_000001c9cf1f0170;
T_1 ;
    %wait E_000001c9cf1dc740;
    %load/vec4 v000001c9cf266b70_0;
    %load/vec4 v000001c9cf266fd0_0;
    %store/vec4 v000001c9cf266710_0, 0, 8;
    %callf/vec4 TD_test.f0.m0.decimal, S_000001c9cf1fd8b0;
    %addi 1, 0, 32;
    %muli 32, 0, 32;
    %subi 1, 0, 32;
    %pad/s 34;
    %subi 31, 0, 34;
    %part/s 32;
    %store/vec4 v000001c9cf266f30_0, 0, 32;
    %jmp T_1;
    .thread T_1, $push;
    .scope S_000001c9cf1e2980;
T_2 ;
    %wait E_000001c9cf1dc600;
    %load/vec4 v000001c9cf1df820_0;
    %flag_set/vec4 8;
    %jmp/0xz  T_2.0, 8;
    %pushi/vec4 1, 0, 2;
    %assign/vec4 v000001c9cf1df8c0_0, 0;
    %jmp T_2.1;
T_2.0 ;
    %load/vec4 v000001c9cf1df8c0_0;
    %dup/vec4;
    %pushi/vec4 1, 0, 2;
    %cmp/u;
    %jmp/1 T_2.2, 6;
    %dup/vec4;
    %pushi/vec4 2, 0, 2;
    %cmp/u;
    %jmp/1 T_2.3, 6;
    %pushi/vec4 1, 0, 2;
    %assign/vec4 v000001c9cf1df8c0_0, 0;
    %jmp T_2.5;
T_2.2 ;
    %pushi/vec4 2, 0, 2;
    %assign/vec4 v000001c9cf1df8c0_0, 0;
    %jmp T_2.5;
T_2.3 ;
    %load/vec4 v000001c9cf1df8c0_0;
    %assign/vec4 v000001c9cf1df8c0_0, 0;
    %jmp T_2.5;
T_2.5 ;
    %pop/vec4 1;
T_2.1 ;
    %jmp T_2;
    .thread T_2;
    .scope S_000001c9cf1e2980;
T_3 ;
    %wait E_000001c9cf1dc600;
    %load/vec4 v000001c9cf1df820_0;
    %flag_set/vec4 8;
    %jmp/0xz  T_3.0, 8;
    %pushi/vec4 0, 0, 8;
    %store/vec4 v000001c9cf19bb60_0, 0, 8;
    %pushi/vec4 0, 0, 8;
    %store/vec4 v000001c9cf1df6e0_0, 0, 8;
    %jmp T_3.1;
T_3.0 ;
    %load/vec4 v000001c9cf1df8c0_0;
    %dup/vec4;
    %pushi/vec4 1, 0, 2;
    %cmp/u;
    %jmp/1 T_3.2, 6;
    %dup/vec4;
    %pushi/vec4 2, 0, 2;
    %cmp/u;
    %jmp/1 T_3.3, 6;
    %load/vec4 v000001c9cf1df6e0_0;
    %store/vec4 v000001c9cf1df6e0_0, 0, 8;
    %load/vec4 v000001c9cf19bb60_0;
    %store/vec4 v000001c9cf19bb60_0, 0, 8;
    %jmp T_3.5;
T_3.2 ;
    %pushi/vec4 255, 0, 8;
    %store/vec4 v000001c9cf1df6e0_0, 0, 8;
    %pushi/vec4 0, 0, 8;
    %store/vec4 v000001c9cf19bb60_0, 0, 8;
    %jmp T_3.5;
T_3.3 ;
    %load/vec4 v000001c9cf1ded80_0;
    %parti/s 7, 0, 2;
    %load/vec4 v000001c9cf1ded80_0;
    %parti/s 1, 7, 4;
    %concat/vec4; draw_concat_vec4
    %inv;
    %addi 1, 0, 8;
    %store/vec4 v000001c9cf1df6e0_0, 0, 8;
    %load/vec4 v000001c9cf1df6e0_0;
    %pad/u 32;
    %cmpi/e 0, 0, 32;
    %jmp/0xz  T_3.6, 4;
    %pushi/vec4 255, 0, 8;
    %store/vec4 v000001c9cf1df6e0_0, 0, 8;
    %jmp T_3.7;
T_3.6 ;
    %load/vec4 v000001c9cf1df6e0_0;
    %store/vec4 v000001c9cf1df6e0_0, 0, 8;
T_3.7 ;
    %load/vec4 v000001c9cf1df780_0;
    %load/vec4 v000001c9cf1df6e0_0;
    %and;
    %store/vec4 v000001c9cf19bb60_0, 0, 8;
    %load/vec4 v000001c9cf19bb60_0;
    %pad/u 32;
    %cmpi/e 0, 0, 32;
    %flag_get/vec4 4;
    %jmp/0 T_3.10, 4;
    %load/vec4 v000001c9cf1df780_0;
    %pad/u 32;
    %pushi/vec4 0, 0, 32;
    %cmp/ne;
    %flag_get/vec4 4;
    %and;
T_3.10;
    %flag_set/vec4 8;
    %jmp/0xz  T_3.8, 8;
    %load/vec4 v000001c9cf1df780_0;
    %store/vec4 v000001c9cf19bb60_0, 0, 8;
T_3.8 ;
    %jmp T_3.5;
T_3.5 ;
    %pop/vec4 1;
T_3.1 ;
    %jmp T_3;
    .thread T_3;
    .scope S_000001c9cf19cca0;
T_4 ;
    %wait E_000001c9cf1dc600;
    %load/vec4 v000001c9cf266a30_0;
    %flag_set/vec4 8;
    %jmp/0xz  T_4.0, 8;
    %pushi/vec4 0, 0, 8;
    %store/vec4 v000001c9cf19cfc0_0, 0, 8;
    %jmp T_4.1;
T_4.0 ;
    %load/vec4 v000001c9cf266cb0_0;
    %store/vec4 v000001c9cf19cfc0_0, 0, 8;
T_4.1 ;
    %jmp T_4;
    .thread T_4;
    .scope S_000001c9cf19cca0;
T_5 ;
    %wait E_000001c9cf1dc600;
    %load/vec4 v000001c9cf266a30_0;
    %flag_set/vec4 8;
    %jmp/0xz  T_5.0, 8;
    %pushi/vec4 0, 0, 2;
    %assign/vec4 v000001c9cf266ad0_0, 0;
    %jmp T_5.1;
T_5.0 ;
    %load/vec4 v000001c9cf266ad0_0;
    %dup/vec4;
    %pushi/vec4 0, 0, 2;
    %cmp/u;
    %jmp/1 T_5.2, 6;
    %dup/vec4;
    %pushi/vec4 1, 0, 2;
    %cmp/u;
    %jmp/1 T_5.3, 6;
    %dup/vec4;
    %pushi/vec4 2, 0, 2;
    %cmp/u;
    %jmp/1 T_5.4, 6;
    %dup/vec4;
    %pushi/vec4 3, 0, 2;
    %cmp/u;
    %jmp/1 T_5.5, 6;
    %pushi/vec4 0, 0, 2;
    %assign/vec4 v000001c9cf266ad0_0, 0;
    %jmp T_5.7;
T_5.2 ;
    %pushi/vec4 1, 0, 2;
    %assign/vec4 v000001c9cf266ad0_0, 0;
    %jmp T_5.7;
T_5.3 ;
    %load/vec4 v000001c9cf1eff90_0;
    %pad/u 32;
    %cmpi/ne 0, 0, 32;
    %jmp/0xz  T_5.8, 4;
    %pushi/vec4 2, 0, 2;
    %assign/vec4 v000001c9cf266ad0_0, 0;
    %jmp T_5.9;
T_5.8 ;
    %load/vec4 v000001c9cf266ad0_0;
    %assign/vec4 v000001c9cf266ad0_0, 0;
T_5.9 ;
    %jmp T_5.7;
T_5.4 ;
    %pushi/vec4 3, 0, 2;
    %assign/vec4 v000001c9cf266ad0_0, 0;
    %jmp T_5.7;
T_5.5 ;
    %load/vec4 v000001c9cf19d060_0;
    %load/vec4 v000001c9cf1df960_0;
    %cmp/u;
    %flag_or 5, 4;
    %jmp/0xz  T_5.10, 5;
    %pushi/vec4 1, 0, 2;
    %assign/vec4 v000001c9cf266ad0_0, 0;
    %jmp T_5.11;
T_5.10 ;
    %load/vec4 v000001c9cf1df960_0;
    %cmpi/u 16, 0, 32;
    %flag_inv 5; GE is !LT
    %jmp/0xz  T_5.12, 5;
    %pushi/vec4 1, 0, 2;
    %assign/vec4 v000001c9cf266ad0_0, 0;
    %jmp T_5.13;
T_5.12 ;
    %load/vec4 v000001c9cf266ad0_0;
    %assign/vec4 v000001c9cf266ad0_0, 0;
T_5.13 ;
T_5.11 ;
    %jmp T_5.7;
T_5.7 ;
    %pop/vec4 1;
T_5.1 ;
    %jmp T_5;
    .thread T_5;
    .scope S_000001c9cf19cca0;
T_6 ;
    %wait E_000001c9cf1dc600;
    %load/vec4 v000001c9cf266a30_0;
    %flag_set/vec4 8;
    %jmp/0xz  T_6.0, 8;
    %pushi/vec4 0, 0, 8;
    %store/vec4 v000001c9cf1eff90_0, 0, 8;
    %jmp T_6.1;
T_6.0 ;
    %load/vec4 v000001c9cf266ad0_0;
    %dup/vec4;
    %pushi/vec4 0, 0, 2;
    %cmp/u;
    %jmp/1 T_6.2, 6;
    %dup/vec4;
    %pushi/vec4 1, 0, 2;
    %cmp/u;
    %jmp/1 T_6.3, 6;
    %dup/vec4;
    %pushi/vec4 2, 0, 2;
    %cmp/u;
    %jmp/1 T_6.4, 6;
    %dup/vec4;
    %pushi/vec4 3, 0, 2;
    %cmp/u;
    %jmp/1 T_6.5, 6;
    %load/vec4 v000001c9cf1df960_0;
    %store/vec4 v000001c9cf1df960_0, 0, 32;
    %load/vec4 v000001c9cf1eff90_0;
    %store/vec4 v000001c9cf1eff90_0, 0, 8;
    %jmp T_6.7;
T_6.2 ;
    %pushi/vec4 0, 0, 8;
    %store/vec4 v000001c9cf1eff90_0, 0, 8;
    %pushi/vec4 0, 0, 32;
    %store/vec4 v000001c9cf1df960_0, 0, 32;
    %pushi/vec4 0, 0, 32;
    %store/vec4 v000001c9cf19d060_0, 0, 32;
    %jmp T_6.7;
T_6.3 ;
    %load/vec4 v000001c9cf266cb0_0;
    %load/vec4 v000001c9cf1f0030_0;
    %and;
    %load/vec4 v000001c9cf1f0030_0;
    %inv;
    %addi 1, 0, 8;
    %and;
    %store/vec4 v000001c9cf1eff90_0, 0, 8;
    %pushi/vec4 2, 0, 32;
    %store/vec4 v000001c9cf1df960_0, 0, 32;
    %jmp T_6.7;
T_6.4 ;
    %load/vec4 v000001c9cf266670_0;
    %store/vec4 v000001c9cf19d060_0, 0, 32;
    %jmp T_6.7;
T_6.5 ;
    %load/vec4 v000001c9cf1df960_0;
    %addi 1, 0, 32;
    %store/vec4 v000001c9cf1df960_0, 0, 32;
    %load/vec4 v000001c9cf1eff90_0;
    %store/vec4 v000001c9cf1eff90_0, 0, 8;
    %jmp T_6.7;
T_6.7 ;
    %pop/vec4 1;
T_6.1 ;
    %jmp T_6;
    .thread T_6;
    .scope S_000001c9cf1e1f10;
T_7 ;
    %pushi/vec4 0, 0, 32;
    %store/vec4 v000001c9cf266210_0, 0, 32;
    %end;
    .thread T_7;
    .scope S_000001c9cf1e1f10;
T_8 ;
    %pushi/vec4 0, 0, 1;
    %store/vec4 v000001c9cf2663f0_0, 0, 1;
    %pushi/vec4 1, 0, 1;
    %store/vec4 v000001c9cf266530_0, 0, 1;
    %pushi/vec4 0, 0, 8;
    %store/vec4 v000001c9cf266490_0, 0, 8;
    %pushi/vec4 3, 0, 256;
    %store/vec4 v000001c9cf26ae50_0, 0, 256;
    %pushi/vec4 3, 0, 32;
    %store/vec4 v000001c9cf26af90_0, 0, 32;
    %pushi/vec4 1, 0, 32;
    %store/vec4 v000001c9cf266210_0, 0, 32;
T_8.0 ;
    %load/vec4 v000001c9cf266210_0;
    %cmpi/s 8, 0, 32;
    %jmp/0xz T_8.1, 5;
    %load/vec4 v000001c9cf26af90_0;
    %addi 2, 0, 32;
    %store/vec4 v000001c9cf26af90_0, 0, 32;
    %load/vec4 v000001c9cf26ae50_0;
    %load/vec4 v000001c9cf26af90_0;
    %pad/u 256;
    %load/vec4 v000001c9cf266210_0;
    %muli 32, 0, 32;
    %ix/vec4 4;
    %shiftl 4;
    %or;
    %store/vec4 v000001c9cf26ae50_0, 0, 256;
    %load/vec4 v000001c9cf266210_0;
    %addi 1, 0, 32;
    %store/vec4 v000001c9cf266210_0, 0, 32;
    %jmp T_8.0;
T_8.1 ;
    %wait E_000001c9cf1dc600;
    %wait E_000001c9cf1dc600;
    %pushi/vec4 0, 0, 1;
    %store/vec4 v000001c9cf266530_0, 0, 1;
    %wait E_000001c9cf1dc600;
    %pushi/vec4 8, 0, 8;
    %store/vec4 v000001c9cf266490_0, 0, 8;
    %delay 110, 0;
    %wait E_000001c9cf1dc600;
    %pushi/vec4 2, 0, 8;
    %store/vec4 v000001c9cf266490_0, 0, 8;
    %wait E_000001c9cf1dc600;
    %delay 50, 0;
    %wait E_000001c9cf1dc600;
    %pushi/vec4 145, 0, 8;
    %store/vec4 v000001c9cf266490_0, 0, 8;
    %wait E_000001c9cf1dc600;
    %delay 500, 0;
    %vpi_call 2 57 "$finish" {0 0 0};
    %end;
    .thread T_8;
    .scope S_000001c9cf1e1f10;
T_9 ;
    %vpi_call 2 60 "$dumpfile", "op_of_rrb_nww_2.vcd" {0 0 0};
    %vpi_call 2 61 "$dumpvars", 32'sb00000000000000000000000000000000, S_000001c9cf1e1f10 {0 0 0};
    %vpi_call 2 62 "$monitor", "Time: %0t | Reset: %b | Request: %b | Grant: %b | Weight: %h", $time, v000001c9cf266530_0, v000001c9cf266490_0, v000001c9cf266350_0, v000001c9cf26ae50_0 {0 0 0};
    %end;
    .thread T_9;
    .scope S_000001c9cf1e1f10;
T_10 ;
    %delay 5, 0;
    %load/vec4 v000001c9cf2663f0_0;
    %inv;
    %store/vec4 v000001c9cf2663f0_0, 0, 1;
    %jmp T_10;
    .thread T_10;
# The file index is used to find the file name in the following table.
:file_names 7;
    "N/A";
    "<interactive>";
    "tb_RRB_final.v";
    "./RRB_final.v";
    "./NGPRC.v";
    "./grant_req_calc.v";
    "./RRB_MUX.v";
